<?xml version="1.0" encoding="UTF-8"?>
<!-- Generated by org.testng.reporters.JUnitXMLReporter -->
<testsuite ignored="0" hostname="DESKTOP-TTLA92V" failures="0" tests="5" name="GO Rest API Test - Create User" time="7.536" errors="0" timestamp="2025-09-02T08:24:12 IST">
  <testcase classname="com.qa.api.gorest.tests.CreateUserTest" name="createUserTest" time="2.066"/>
  <testcase classname="com.qa.api.gorest.tests.CreateUserTest" name="createUserTest" time="1.503"/>
  <testcase classname="com.qa.api.gorest.tests.CreateUserTest" name="createUserTest" time="0.967"/>
  <testcase classname="com.qa.api.gorest.tests.CreateUserTest" name="createUserTestWithJsonFile" time="1.253"/>
  <testcase classname="com.qa.api.gorest.tests.CreateUserTest" name="createUserTestWithJsonString" time="1.068"/>
</testsuite> <!-- GO Rest API Test - Create User -->
