<?xml version="1.0" encoding="UTF-8"?>
<!-- Generated by org.testng.reporters.JUnitXMLReporter -->
<testsuite ignored="1" hostname="DESKTOP-TTLA92V" failures="0" tests="2" name="GO Rest API Test- Get User" time="1.979" errors="0" timestamp="2025-08-06T09:05:13 IST">
  <testcase classname="com.qa.api.gorest.tests.GetUserTest" name="getAllUsersTest" time="1.281"/>
  <testcase classname="com.qa.api.gorest.tests.GetUserTest" name="getAllUsersWithQueryParamTest" time="0.229"/>
  <testcase classname="com.qa.api.gorest.tests.GetUserTest" name="getSingleUserTest" time="0.0">
    <ignored/>
  </testcase> <!-- getSingleUserTest -->
</testsuite> <!-- GO Rest API Test- Get User -->
