<?xml version="1.0" encoding="UTF-8"?>
<!-- Generated by org.testng.reporters.JUnitXMLReporter -->
<testsuite ignored="2" hostname="DESKTOP-TTLA92V" failures="0" tests="3" name="Default test" time="7.268" errors="0" timestamp="2025-08-31T09:59:25 IST">
  <testcase classname="com.qa.api.gorest.tests.CreateUserTest" name="createUserTest" time="3.438"/>
  <testcase classname="com.qa.api.gorest.tests.CreateUserTest" name="createUserTest" time="1.49"/>
  <testcase classname="com.qa.api.gorest.tests.CreateUserTest" name="createUserTest" time="1.428"/>
  <testcase classname="com.qa.api.gorest.tests.CreateUserTest" name="createUserTestWithJsonString" time="0.0">
    <ignored/>
  </testcase> <!-- createUserTestWithJsonString -->
  <testcase classname="com.qa.api.gorest.tests.CreateUserTest" name="createUserTestWithJsonFile" time="0.0">
    <ignored/>
  </testcase> <!-- createUserTestWithJsonFile -->
</testsuite> <!-- Default test -->
