<?xml version="1.0" encoding="UTF-8"?>
<!-- Generated by org.testng.reporters.JUnitXMLReporter -->
<testsuite ignored="2" hostname="DESKTOP-TTLA92V" failures="0" tests="3" name="Default test" time="8.362" errors="0" timestamp="2025-08-30T18:05:28 IST">
  <testcase classname="com.qa.api.gorest.tests.CreateUserTest" name="createUserTest" time="3.865"/>
  <testcase classname="com.qa.api.gorest.tests.CreateUserTest" name="createUserTest" time="1.417"/>
  <testcase classname="com.qa.api.gorest.tests.CreateUserTest" name="createUserTest" time="1.633"/>
  <testcase classname="com.qa.api.gorest.tests.CreateUserTest" name="createUserTestWithJsonString" time="0.0">
    <ignored/>
  </testcase> <!-- createUserTestWithJsonString -->
  <testcase classname="com.qa.api.gorest.tests.CreateUserTest" name="createUserTestWithJsonFile" time="0.0">
    <ignored/>
  </testcase> <!-- createUserTestWithJsonFile -->
</testsuite> <!-- Default test -->
